<?xml version="1.0" encoding="UTF-8"?>
<!-- Generated by org.testng.reporters.JUnitReportReporter -->
<testsuite hostname="DESKTOP-3G8MCN5" failures="0" tests="1" name="magentoWebSiteTask1.addOneRandomItem" time="2.233" errors="0" timestamp="2024-03-22T14:29:58 EET" skipped="0">
  <testcase classname="magentoWebSiteTask1.addOneRandomItem" name="addOneRandomItemToCart" time="2.233"/>
  <system-out/>
</testsuite> <!-- magentoWebSiteTask1.addOneRandomItem -->
