<?xml version="1.0" encoding="UTF-8"?>
<!-- Generated by org.testng.reporters.JUnitReportReporter -->
<testsuite hostname="DESKTOP-3G8MCN5" failures="0" tests="1" name="magentoWebSiteTask1.test3" time="2.210" errors="0" timestamp="2024-03-22T14:29:20 EET" skipped="0">
  <testcase classname="magentoWebSiteTask1.test3" name="myTest" time="2.210"/>
  <system-out/>
</testsuite> <!-- magentoWebSiteTask1.test3 -->
