<?xml version="1.0" encoding="UTF-8"?>
<!-- Generated by org.testng.reporters.JUnitReportReporter -->
<testsuite hostname="DESKTOP-3G8MCN5" failures="0" tests="3" name="magentoWebSiteTask1.addOneRandomItem" time="19.435" errors="0" timestamp="2024-03-22T22:07:27 EET" skipped="0">
  <testcase classname="magentoWebSiteTask1.addOneRandomItem" name="addOneRandomItemToCart" time="7.863"/>
  <system-out/>
  <testcase classname="magentoWebSiteTask1.addOneRandomItem" name="CheckOutProccess" time="4.103"/>
  <system-out/>
  <testcase classname="magentoWebSiteTask1.addOneRandomItem" name="signUpProccess" time="7.469"/>
  <system-out/>
</testsuite> <!-- magentoWebSiteTask1.addOneRandomItem -->
